<?xml version="1.0" encoding="UTF-8"?>
<testng-results ignored="0" total="4" passed="4" failed="0" skipped="0">
  <reporter-output>
  </reporter-output>
  <suite started-at="2024-01-13T14:52:07 IST" name="Suite" finished-at="2024-01-13T14:52:14 IST" duration-ms="6200">
    <groups>
    </groups>
    <test started-at="2024-01-13T14:52:07 IST" name="Test" finished-at="2024-01-13T14:52:14 IST" duration-ms="6200">
      <class name="day8.CreateUSer">
        <test-method signature="test_Createuser(org.testng.ITestContext)[pri:0, instance:day8.CreateUSer@3e84448c]" started-at="2024-01-13T14:52:07 IST" name="test_Createuser" finished-at="2024-01-13T14:52:10 IST" duration-ms="2774" status="PASS">
          <params>
            <param index="0">
              <value>
                <![CDATA[org.testng.TestRunner@5b247367]]>
              </value>
            </param>
          </params>
          <reporter-output>
          </reporter-output>
        </test-method> <!-- test_Createuser -->
      </class> <!-- day8.CreateUSer -->
      <class name="day8.UpdateUser">
        <test-method signature="test_updateuser(org.testng.ITestContext)[pri:0, instance:day8.UpdateUser@4d0f2471]" started-at="2024-01-13T14:52:11 IST" name="test_updateuser" finished-at="2024-01-13T14:52:13 IST" duration-ms="1245" status="PASS">
          <params>
            <param index="0">
              <value>
                <![CDATA[org.testng.TestRunner@5b247367]]>
              </value>
            </param>
          </params>
          <reporter-output>
          </reporter-output>
        </test-method> <!-- test_updateuser -->
      </class> <!-- day8.UpdateUser -->
      <class name="day8.DeleteUser">
        <test-method signature="test_delUser(org.testng.ITestContext)[pri:0, instance:day8.DeleteUser@7133da86]" started-at="2024-01-13T14:52:13 IST" name="test_delUser" finished-at="2024-01-13T14:52:14 IST" duration-ms="962" status="PASS">
          <params>
            <param index="0">
              <value>
                <![CDATA[org.testng.TestRunner@5b247367]]>
              </value>
            </param>
          </params>
          <reporter-output>
          </reporter-output>
        </test-method> <!-- test_delUser -->
      </class> <!-- day8.DeleteUser -->
      <class name="day8.GetUser">
        <test-method signature="test_getuser(org.testng.ITestContext)[pri:0, instance:day8.GetUser@32ee6fee]" started-at="2024-01-13T14:52:10 IST" name="test_getuser" finished-at="2024-01-13T14:52:11 IST" duration-ms="1186" status="PASS">
          <params>
            <param index="0">
              <value>
                <![CDATA[org.testng.TestRunner@5b247367]]>
              </value>
            </param>
          </params>
          <reporter-output>
          </reporter-output>
        </test-method> <!-- test_getuser -->
      </class> <!-- day8.GetUser -->
    </test> <!-- Test -->
  </suite> <!-- Suite -->
</testng-results>
