<?xml version="1.0" encoding="UTF-8"?>
<!-- Generated by org.testng.reporters.JUnitXMLReporter -->
<testsuite ignored="0" hostname="DESKTOP-44L9GCC" failures="0" tests="4" name="Test" time="6.2" errors="0" timestamp="2024-01-13T14:52:14 IST">
  <testcase classname="day8.CreateUSer" name="test_Createuser" time="2.774"/>
  <testcase classname="day8.GetUser" name="test_getuser" time="1.186"/>
  <testcase classname="day8.UpdateUser" name="test_updateuser" time="1.245"/>
  <testcase classname="day8.DeleteUser" name="test_delUser" time="0.962"/>
</testsuite> <!-- Test -->
